setting 'ivy.default.settings.dir' to 'jar:file:/bin/sbt-launcher-0.5.6.jar!/org/apache/ivy/core/settings'
setting 'ivy.basedir' to '/Users/Mads/Projects/logicOfScientificDiscovery/.'
setting 'ivy.default.conf.dir' to 'jar:file:/bin/sbt-launcher-0.5.6.jar!/org/apache/ivy/core/settings'
impossible to define new type: class not found: org.apache.ivy.plugins.trigger.LogTrigger in [] nor Ivy classloader
impossible to define new type: class not found: org.apache.ivy.plugins.resolver.VsftpResolver in [] nor Ivy classloader
impossible to define new type: class not found: org.apache.ivy.plugins.conflict.RegexpConflictManager in [] nor Ivy classloader
impossible to define new type: class not found: org.apache.ivy.plugins.resolver.SshResolver in [] nor Ivy classloader
impossible to define new type: class not found: org.apache.ivy.plugins.resolver.VfsResolver in [] nor Ivy classloader
impossible to define new type: class not found: org.apache.ivy.plugins.resolver.SFTPResolver in [] nor Ivy classloader
impossible to define new type: class not found: org.apache.ivy.plugins.resolver.packager.PackagerResolver in [] nor Ivy classloader
impossible to define new type: class not found: org.apache.ivy.ant.AntCallTrigger in [] nor Ivy classloader
impossible to define new type: class not found: org.apache.ivy.plugins.resolver.IvyRepResolver in [] nor Ivy classloader
impossible to define new type: class not found: org.apache.ivy.ant.AntBuildTrigger in [] nor Ivy classloader
impossible to define glob matcher: org.apache.ivy.plugins.matcher.GlobPatternMatcher was not found.
setting 'java.runtime.name' to 'Java(TM) SE Runtime Environment'
setting 'sun.boot.library.path' to '/System/Library/Frameworks/JavaVM.framework/Versions/1.6.0/Libraries'
setting 'java.vm.version' to '14.3-b01-101'
setting 'awt.nativeDoubleBuffering' to 'true'
setting 'gopherProxySet' to 'false'
setting 'mrj.build' to '10M3025'
setting 'java.vm.vendor' to 'Apple Inc.'
setting 'java.vendor.url' to 'http://www.apple.com/'
setting 'path.separator' to ':'
setting 'java.vm.name' to 'Java HotSpot(TM) 64-Bit Server VM'
setting 'file.encoding.pkg' to 'sun.io'
setting 'sun.java.launcher' to 'SUN_STANDARD'
setting 'user.country' to 'US'
setting 'sun.os.patch.level' to 'unknown'
setting 'java.vm.specification.name' to 'Java Virtual Machine Specification'
setting 'user.dir' to '/Users/Mads/Projects/logicOfScientificDiscovery'
setting 'java.runtime.version' to '1.6.0_17-b04-248-10M3025'
setting 'java.awt.graphicsenv' to 'apple.awt.CGraphicsEnvironment'
setting 'java.endorsed.dirs' to '/System/Library/Frameworks/JavaVM.framework/Versions/1.6.0/Home/lib/endorsed'
setting 'os.arch' to 'x86_64'
setting 'java.io.tmpdir' to '/var/folders/AO/AOdaJvd5E-qCAgofMYrlz++++TI/-Tmp-/'
setting 'line.separator' to '
'
setting 'java.vm.specification.vendor' to 'Sun Microsystems Inc.'
setting 'os.name' to 'Mac OS X'
setting 'sun.jnu.encoding' to 'MacRoman'
setting 'java.library.path' to '.:/Library/Java/Extensions:/System/Library/Java/Extensions:/usr/lib/java'
setting 'sbt.boot' to 'true'
setting 'java.specification.name' to 'Java Platform API Specification'
setting 'java.class.version' to '50.0'
setting 'sun.management.compiler' to 'HotSpot 64-Bit Server Compiler'
setting 'os.version' to '10.6.2'
setting 'http.nonProxyHosts' to 'local|*.local|169.254/16|*.169.254/16'
setting 'user.home' to '/Users/Mads'
setting 'user.timezone' to 'Europe/Copenhagen'
setting 'scala.home' to '/Users/Mads/Projects/logicOfScientificDiscovery/project/boot/scala-2.7.7'
setting 'java.awt.printerjob' to 'apple.awt.CPrinterJob'
setting 'file.encoding' to 'MacRoman'
setting 'java.specification.version' to '1.6'
setting 'java.class.path' to '/bin/sbt-launcher-0.5.6.jar'
setting 'user.name' to 'Mads'
setting 'java.vm.specification.version' to '1.0'
setting 'java.home' to '/System/Library/Frameworks/JavaVM.framework/Versions/1.6.0/Home'
setting 'sun.arch.data.model' to '64'
setting 'user.language' to 'en'
setting 'java.specification.vendor' to 'Sun Microsystems Inc.'
setting 'awt.toolkit' to 'apple.awt.CToolkit'
setting 'java.vm.info' to 'mixed mode'
setting 'java.version' to '1.6.0_17'
setting 'java.ext.dirs' to '/Library/Java/Extensions:/System/Library/Java/Extensions:/System/Library/Frameworks/JavaVM.framework/Versions/1.6.0/Home/lib/ext'
setting 'sun.boot.class.path' to '/System/Library/Frameworks/JavaVM.framework/Versions/1.6.0/Classes/jsfd.jar:/System/Library/Frameworks/JavaVM.framework/Versions/1.6.0/Classes/classes.jar:/System/Library/Frameworks/JavaVM.framework/Frameworks/JavaRuntimeSupport.framework/Resources/Java/JavaRuntimeSupport.jar:/System/Library/Frameworks/JavaVM.framework/Versions/1.6.0/Classes/ui.jar:/System/Library/Frameworks/JavaVM.framework/Versions/1.6.0/Classes/laf.jar:/System/Library/Frameworks/JavaVM.framework/Versions/1.6.0/Classes/sunrsasign.jar:/System/Library/Frameworks/JavaVM.framework/Versions/1.6.0/Classes/jsse.jar:/System/Library/Frameworks/JavaVM.framework/Versions/1.6.0/Classes/jce.jar:/System/Library/Frameworks/JavaVM.framework/Versions/1.6.0/Classes/charsets.jar'
setting 'java.vendor' to 'Apple Inc.'
setting 'file.separator' to '/'
setting 'java.vendor.url.bug' to 'http://bugreport.apple.com/'
setting 'sun.io.unicode.encoding' to 'UnicodeLittle'
setting 'sun.cpu.endian' to 'little'
setting 'mrj.version' to '1060.1.6.0_17-248'
setting 'socksNonProxyHosts' to 'local|*.local|169.254/16|*.169.254/16'
setting 'ftp.nonProxyHosts' to 'local|*.local|169.254/16|*.169.254/16'
setting 'sun.cpu.isalist' to ''
setting 'ivy.default.ivy.user.dir' to '/Users/Mads/.ivy2'
setting 'ivy.home' to '/Users/Mads/.ivy2'
no default ivy user dir defined: set to /Users/Mads/.ivy2
setting 'ivy.cache.dir' to '/Users/Mads/.ivy2/cache'
no default cache defined: set to /Users/Mads/.ivy2/cache
setting 'ivy.basedir' to '/Users/Mads/Projects/logicOfScientificDiscovery/project/boot/scala-2.7.7'
setting 'basedir' to '/Users/Mads/Projects/logicOfScientificDiscovery/project/boot/scala-2.7.7'
:: resolving dependencies :: sbt#boot;1.0
	confs: [default]
	validate = true
	refresh = false
resolving dependencies for configuration 'default'
== resolving dependencies for sbt#boot;1.0 [default]
loadData of sbt#boot;1.0 of rootConf=default
== resolving dependencies sbt#boot;1.0->org.scala-lang#scala-compiler;2.7.7 [default->default]
loadData of org.scala-lang#scala-compiler;2.7.7 of rootConf=default
	using redefined-public to resolve org.scala-lang#scala-compiler;2.7.7
redefined-public: Checking cache for: dependency: org.scala-lang#scala-compiler;2.7.7 {default=[default]}
redefined-public: no namespace defined: using system
No entry is found in the ModuleDescriptorCache : /Users/Mads/.ivy2/cache/org.scala-lang/scala-compiler/ivy-2.7.7.xml
installing class org.apache.ivy.util.url.IvyAuthenticator
pre 1.3 ivy file: using exactOrRegexp as default matcher
	found ivy file in cache for org.scala-lang#scala-compiler;2.7.7 (resolved by redefined-public): /Users/Mads/.ivy2/cache/org.scala-lang/scala-compiler/ivy-2.7.7.xml
redefined-public: module revision found in cache: org.scala-lang#scala-compiler;2.7.7
redefined-public: no latest strategy defined: using default
	found org.scala-lang#scala-compiler;2.7.7 in redefined-public
== resolving dependencies sbt#boot;1.0->org.scala-lang#scala-compiler;2.7.7 [default->runtime]
loadData of org.scala-lang#scala-compiler;2.7.7 of rootConf=default
== resolving dependencies sbt#boot;1.0->org.scala-lang#scala-compiler;2.7.7 [default->compile]
loadData of org.scala-lang#scala-compiler;2.7.7 of rootConf=default
== resolving dependencies org.scala-lang#scala-compiler;2.7.7->org.scala-lang#scala-library;2.7.7 [compile->master(*)]
loadData of org.scala-lang#scala-library;2.7.7 of rootConf=default
	using redefined-public to resolve org.scala-lang#scala-library;2.7.7
redefined-public: Checking cache for: dependency: org.scala-lang#scala-library;2.7.7 {compile=[compile(*), master(*)], runtime=[runtime(*)]}
No entry is found in the ModuleDescriptorCache : /Users/Mads/.ivy2/cache/org.scala-lang/scala-library/ivy-2.7.7.xml
pre 1.3 ivy file: using exactOrRegexp as default matcher
	found ivy file in cache for org.scala-lang#scala-library;2.7.7 (resolved by Maven2 Local): /Users/Mads/.ivy2/cache/org.scala-lang/scala-library/ivy-2.7.7.xml
redefined-public: module revision found in cache: org.scala-lang#scala-library;2.7.7
	found org.scala-lang#scala-library;2.7.7 in Maven2 Local
== resolving dependencies org.scala-lang#scala-compiler;2.7.7->org.scala-lang#scala-library;2.7.7 [compile->compile(*)]
loadData of org.scala-lang#scala-library;2.7.7 of rootConf=default
== resolving dependencies org.scala-lang#scala-compiler;2.7.7->org.scala-lang#scala-library;2.7.7 [compile->default]
loadData of org.scala-lang#scala-library;2.7.7 of rootConf=default
== resolving dependencies org.scala-lang#scala-compiler;2.7.7->org.scala-lang#scala-library;2.7.7 [compile->runtime]
loadData of org.scala-lang#scala-library;2.7.7 of rootConf=default
== resolving dependencies org.scala-lang#scala-compiler;2.7.7->org.scala-lang#scala-library;2.7.7 [compile->compile]
loadData of org.scala-lang#scala-library;2.7.7 of rootConf=default
== resolving dependencies org.scala-lang#scala-compiler;2.7.7->org.scala-lang#scala-library;2.7.7 [compile->master]
loadData of org.scala-lang#scala-library;2.7.7 of rootConf=default
== resolving dependencies org.scala-lang#scala-compiler;2.7.7->org.scala-lang#scala-library;2.7.7 [runtime->runtime(*)]
loadData of org.scala-lang#scala-library;2.7.7 of rootConf=default
== resolving dependencies org.scala-lang#scala-compiler;2.7.7->org.scala-lang#scala-library;2.7.7 [runtime->compile]
loadData of org.scala-lang#scala-library;2.7.7 of rootConf=default
default is loaded and no conf to load.  Skip loading
== resolving dependencies sbt#boot;1.0->org.scala-lang#scala-compiler;2.7.7 [default->master]
loadData of org.scala-lang#scala-compiler;2.7.7 of rootConf=default
== resolving dependencies sbt#boot;1.0->org.scala-lang#scala-library;2.7.7 [default->default]
loadData of org.scala-lang#scala-library;2.7.7 of rootConf=default
default is loaded and no conf to load.  Skip loading
== resolving dependencies sbt#boot;1.0->org.scala-lang#scala-library;2.7.7 [default->runtime]
loadData of org.scala-lang#scala-library;2.7.7 of rootConf=default
default is loaded and no conf to load.  Skip loading
== resolving dependencies sbt#boot;1.0->org.scala-lang#scala-library;2.7.7 [default->compile]
loadData of org.scala-lang#scala-library;2.7.7 of rootConf=default
default is loaded and no conf to load.  Skip loading
== resolving dependencies sbt#boot;1.0->org.scala-lang#scala-library;2.7.7 [default->master]
loadData of org.scala-lang#scala-library;2.7.7 of rootConf=default
default is loaded and no conf to load.  Skip loading
Nbr of module to sort : 2
Sort dependencies of : org.scala-lang#scala-compiler;2.7.7 / Number of dependencies = 1
Sort dependencies of : org.scala-lang#scala-library;2.7.7 / Number of dependencies = 0
Sort done for : org.scala-lang#scala-library;2.7.7
Sort done for : org.scala-lang#scala-compiler;2.7.7
Module descriptor is processed : org.scala-lang#scala-library;2.7.7
	resolved ivy file produced in /Users/Mads/.ivy2/cache/resolved-sbt-boot-1.0.xml
:: downloading artifacts ::
	[NOT REQUIRED] org.scala-lang#scala-compiler;2.7.7!scala-compiler.jar
	[NOT REQUIRED] org.scala-lang#scala-library;2.7.7!scala-library.jar
:: resolution report :: resolve 677ms :: artifacts dl 4ms
Nbr of module to sort : 2
Sort dependencies of : org.scala-lang#scala-compiler;2.7.7 / Number of dependencies = 1
Sort dependencies of : org.scala-lang#scala-library;2.7.7 / Number of dependencies = 0
Sort done for : org.scala-lang#scala-library;2.7.7
Sort done for : org.scala-lang#scala-compiler;2.7.7
Module descriptor is processed : org.scala-lang#scala-library;2.7.7
	report for sbt#boot;1.0 default produced in /Users/Mads/.ivy2/cache/sbt-boot-default.xml
	resolve done (677ms resolve - 4ms download)
:: retrieving :: sbt#boot
	checkUpToDate=true
no explicit confs given for retrieve, using ivy file: /Users/Mads/.ivy2/cache/resolved-sbt-boot-1.0.xml
using ivy parser to parse /Users/Mads/.ivy2/cache/resolved-sbt-boot-1.0.xml
pre 1.3 ivy file: using exactOrRegexp as default matcher
	confs: [default]
	retrieving /Users/Mads/.ivy2/cache/org.scala-lang/scala-library/jars/scala-library-2.7.7.jar
		to /Users/Mads/Projects/logicOfScientificDiscovery/project/boot/scala-2.7.7/lib/scala-library.jar
	retrieving /Users/Mads/.ivy2/cache/org.scala-lang/scala-compiler/jars/scala-compiler-2.7.7.jar
		to /Users/Mads/Projects/logicOfScientificDiscovery/project/boot/scala-2.7.7/lib/scala-compiler.jar
	2 artifacts copied, 0 already retrieved (9911kB/482ms)
	retrieve done (482ms)
setting 'ivy.default.settings.dir' to 'jar:file:/bin/sbt-launcher-0.5.6.jar!/org/apache/ivy/core/settings'
setting 'ivy.basedir' to '/Users/Mads/Projects/logicOfScientificDiscovery/.'
setting 'ivy.default.conf.dir' to 'jar:file:/bin/sbt-launcher-0.5.6.jar!/org/apache/ivy/core/settings'
impossible to define new type: class not found: org.apache.ivy.plugins.trigger.LogTrigger in [] nor Ivy classloader
impossible to define new type: class not found: org.apache.ivy.plugins.resolver.VsftpResolver in [] nor Ivy classloader
impossible to define new type: class not found: org.apache.ivy.plugins.conflict.RegexpConflictManager in [] nor Ivy classloader
impossible to define new type: class not found: org.apache.ivy.plugins.resolver.SshResolver in [] nor Ivy classloader
impossible to define new type: class not found: org.apache.ivy.plugins.resolver.VfsResolver in [] nor Ivy classloader
impossible to define new type: class not found: org.apache.ivy.plugins.resolver.SFTPResolver in [] nor Ivy classloader
impossible to define new type: class not found: org.apache.ivy.plugins.resolver.packager.PackagerResolver in [] nor Ivy classloader
impossible to define new type: class not found: org.apache.ivy.ant.AntCallTrigger in [] nor Ivy classloader
impossible to define new type: class not found: org.apache.ivy.plugins.resolver.IvyRepResolver in [] nor Ivy classloader
impossible to define new type: class not found: org.apache.ivy.ant.AntBuildTrigger in [] nor Ivy classloader
impossible to define glob matcher: org.apache.ivy.plugins.matcher.GlobPatternMatcher was not found.
setting 'java.runtime.name' to 'Java(TM) SE Runtime Environment'
setting 'sun.boot.library.path' to '/System/Library/Frameworks/JavaVM.framework/Versions/1.6.0/Libraries'
setting 'java.vm.version' to '14.3-b01-101'
setting 'awt.nativeDoubleBuffering' to 'true'
setting 'gopherProxySet' to 'false'
setting 'mrj.build' to '10M3025'
setting 'java.vm.vendor' to 'Apple Inc.'
setting 'java.vendor.url' to 'http://www.apple.com/'
setting 'path.separator' to ':'
setting 'java.vm.name' to 'Java HotSpot(TM) 64-Bit Server VM'
setting 'file.encoding.pkg' to 'sun.io'
setting 'sun.java.launcher' to 'SUN_STANDARD'
setting 'user.country' to 'US'
setting 'sun.os.patch.level' to 'unknown'
setting 'java.vm.specification.name' to 'Java Virtual Machine Specification'
setting 'user.dir' to '/Users/Mads/Projects/logicOfScientificDiscovery'
setting 'java.runtime.version' to '1.6.0_17-b04-248-10M3025'
setting 'java.awt.graphicsenv' to 'apple.awt.CGraphicsEnvironment'
setting 'java.endorsed.dirs' to '/System/Library/Frameworks/JavaVM.framework/Versions/1.6.0/Home/lib/endorsed'
setting 'os.arch' to 'x86_64'
setting 'java.io.tmpdir' to '/var/folders/AO/AOdaJvd5E-qCAgofMYrlz++++TI/-Tmp-/'
setting 'line.separator' to '
'
setting 'java.vm.specification.vendor' to 'Sun Microsystems Inc.'
setting 'os.name' to 'Mac OS X'
setting 'sun.jnu.encoding' to 'MacRoman'
setting 'java.library.path' to '.:/Library/Java/Extensions:/System/Library/Java/Extensions:/usr/lib/java'
setting 'sbt.boot' to 'true'
setting 'java.specification.name' to 'Java Platform API Specification'
setting 'java.class.version' to '50.0'
setting 'sun.management.compiler' to 'HotSpot 64-Bit Server Compiler'
setting 'os.version' to '10.6.2'
setting 'http.nonProxyHosts' to 'local|*.local|169.254/16|*.169.254/16'
setting 'user.home' to '/Users/Mads'
setting 'user.timezone' to 'Europe/Copenhagen'
setting 'scala.home' to '/Users/Mads/Projects/logicOfScientificDiscovery/project/boot/scala-2.7.7'
setting 'java.awt.printerjob' to 'apple.awt.CPrinterJob'
setting 'file.encoding' to 'MacRoman'
setting 'java.specification.version' to '1.6'
setting 'java.class.path' to '/bin/sbt-launcher-0.5.6.jar'
setting 'user.name' to 'Mads'
setting 'java.vm.specification.version' to '1.0'
setting 'java.home' to '/System/Library/Frameworks/JavaVM.framework/Versions/1.6.0/Home'
setting 'sun.arch.data.model' to '64'
setting 'user.language' to 'en'
setting 'java.specification.vendor' to 'Sun Microsystems Inc.'
setting 'awt.toolkit' to 'apple.awt.CToolkit'
setting 'java.vm.info' to 'mixed mode'
setting 'java.version' to '1.6.0_17'
setting 'java.ext.dirs' to '/Library/Java/Extensions:/System/Library/Java/Extensions:/System/Library/Frameworks/JavaVM.framework/Versions/1.6.0/Home/lib/ext'
setting 'sun.boot.class.path' to '/System/Library/Frameworks/JavaVM.framework/Versions/1.6.0/Classes/jsfd.jar:/System/Library/Frameworks/JavaVM.framework/Versions/1.6.0/Classes/classes.jar:/System/Library/Frameworks/JavaVM.framework/Frameworks/JavaRuntimeSupport.framework/Resources/Java/JavaRuntimeSupport.jar:/System/Library/Frameworks/JavaVM.framework/Versions/1.6.0/Classes/ui.jar:/System/Library/Frameworks/JavaVM.framework/Versions/1.6.0/Classes/laf.jar:/System/Library/Frameworks/JavaVM.framework/Versions/1.6.0/Classes/sunrsasign.jar:/System/Library/Frameworks/JavaVM.framework/Versions/1.6.0/Classes/jsse.jar:/System/Library/Frameworks/JavaVM.framework/Versions/1.6.0/Classes/jce.jar:/System/Library/Frameworks/JavaVM.framework/Versions/1.6.0/Classes/charsets.jar'
setting 'java.vendor' to 'Apple Inc.'
setting 'file.separator' to '/'
setting 'java.vendor.url.bug' to 'http://bugreport.apple.com/'
setting 'sun.io.unicode.encoding' to 'UnicodeLittle'
setting 'sun.cpu.endian' to 'little'
setting 'mrj.version' to '1060.1.6.0_17-248'
setting 'socksNonProxyHosts' to 'local|*.local|169.254/16|*.169.254/16'
setting 'ftp.nonProxyHosts' to 'local|*.local|169.254/16|*.169.254/16'
setting 'sun.cpu.isalist' to ''
setting 'ivy.default.ivy.user.dir' to '/Users/Mads/.ivy2'
setting 'ivy.home' to '/Users/Mads/.ivy2'
no default ivy user dir defined: set to /Users/Mads/.ivy2
setting 'ivy.cache.dir' to '/Users/Mads/.ivy2/cache'
no default cache defined: set to /Users/Mads/.ivy2/cache
setting 'ivy.basedir' to '/Users/Mads/Projects/logicOfScientificDiscovery/project/boot/scala-2.7.7'
setting 'basedir' to '/Users/Mads/Projects/logicOfScientificDiscovery/project/boot/scala-2.7.7'
:: resolving dependencies :: sbt#boot;1.0
	confs: [default]
	validate = true
	refresh = false
resolving dependencies for configuration 'default'
== resolving dependencies for sbt#boot;1.0 [default]
loadData of sbt#boot;1.0 of rootConf=default
== resolving dependencies sbt#boot;1.0->sbt#simple-build-tool;0.5.6 [default->2.7.7]
loadData of sbt#simple-build-tool;0.5.6 of rootConf=default
	using redefined-public to resolve sbt#simple-build-tool;0.5.6
redefined-public: Checking cache for: dependency: sbt#simple-build-tool;0.5.6 {default=[2.7.7]}
redefined-public: no namespace defined: using system
No entry is found in the ModuleDescriptorCache : /Users/Mads/.ivy2/cache/sbt/simple-build-tool/ivy-0.5.6.xml
pre 1.3 ivy file: using exactOrRegexp as default matcher
	found ivy file in cache for sbt#simple-build-tool;0.5.6 (resolved by Sbt Repository): /Users/Mads/.ivy2/cache/sbt/simple-build-tool/ivy-0.5.6.xml
redefined-public: module revision found in cache: sbt#simple-build-tool;0.5.6
redefined-public: no latest strategy defined: using default
	found sbt#simple-build-tool;0.5.6 in Sbt Repository
== resolving dependencies sbt#boot;1.0->sbt#simple-build-tool;0.5.6 [default->base]
loadData of sbt#simple-build-tool;0.5.6 of rootConf=default
== resolving dependencies sbt#simple-build-tool;0.5.6->org.apache.ivy#ivy;2.0.0 [base->default]
loadData of org.apache.ivy#ivy;2.0.0 of rootConf=default
	using redefined-public to resolve org.apache.ivy#ivy;2.0.0
redefined-public: Checking cache for: dependency: org.apache.ivy#ivy;2.0.0 {base=[default]}
No entry is found in the ModuleDescriptorCache : /Users/Mads/.ivy2/cache/org.apache.ivy/ivy/ivy-2.0.0.xml
pre 1.3 ivy file: using exactOrRegexp as default matcher
	found ivy file in cache for org.apache.ivy#ivy;2.0.0 (resolved by Maven Central): /Users/Mads/.ivy2/cache/org.apache.ivy/ivy/ivy-2.0.0.xml
redefined-public: module revision found in cache: org.apache.ivy#ivy;2.0.0
	found org.apache.ivy#ivy;2.0.0 in Maven Central
== resolving dependencies sbt#simple-build-tool;0.5.6->org.apache.ivy#ivy;2.0.0 [base->runtime]
loadData of org.apache.ivy#ivy;2.0.0 of rootConf=default
== resolving dependencies sbt#simple-build-tool;0.5.6->org.apache.ivy#ivy;2.0.0 [base->compile]
loadData of org.apache.ivy#ivy;2.0.0 of rootConf=default
== resolving dependencies sbt#simple-build-tool;0.5.6->org.apache.ivy#ivy;2.0.0 [base->master]
loadData of org.apache.ivy#ivy;2.0.0 of rootConf=default
== resolving dependencies sbt#simple-build-tool;0.5.6->com.jcraft#jsch;0.1.31 [base->default]
loadData of com.jcraft#jsch;0.1.31 of rootConf=default
	using redefined-public to resolve com.jcraft#jsch;0.1.31
redefined-public: Checking cache for: dependency: com.jcraft#jsch;0.1.31 {base=[default]}
No entry is found in the ModuleDescriptorCache : /Users/Mads/.ivy2/cache/com.jcraft/jsch/ivy-0.1.31.xml
pre 1.3 ivy file: using exactOrRegexp as default matcher
	found ivy file in cache for com.jcraft#jsch;0.1.31 (resolved by Maven Central): /Users/Mads/.ivy2/cache/com.jcraft/jsch/ivy-0.1.31.xml
redefined-public: module revision found in cache: com.jcraft#jsch;0.1.31
	found com.jcraft#jsch;0.1.31 in Maven Central
== resolving dependencies sbt#simple-build-tool;0.5.6->com.jcraft#jsch;0.1.31 [base->runtime]
loadData of com.jcraft#jsch;0.1.31 of rootConf=default
== resolving dependencies sbt#simple-build-tool;0.5.6->com.jcraft#jsch;0.1.31 [base->compile]
loadData of com.jcraft#jsch;0.1.31 of rootConf=default
== resolving dependencies sbt#simple-build-tool;0.5.6->com.jcraft#jsch;0.1.31 [base->master]
loadData of com.jcraft#jsch;0.1.31 of rootConf=default
Nbr of module to sort : 3
Sort dependencies of : sbt#simple-build-tool;0.5.6 / Number of dependencies = 2
Sort dependencies of : org.apache.ivy#ivy;2.0.0 / Number of dependencies = 13
Sort dependencies of : com.jcraft#jsch;0.1.31 / Number of dependencies = 1
Sort done for : com.jcraft#jsch;0.1.31
Sort done for : org.apache.ivy#ivy;2.0.0
Module descriptor is processed : com.jcraft#jsch;0.1.31
Sort done for : sbt#simple-build-tool;0.5.6
Module descriptor is processed : org.apache.ivy#ivy;2.0.0
Module descriptor is processed : com.jcraft#jsch;0.1.31
	resolved ivy file produced in /Users/Mads/.ivy2/cache/resolved-sbt-boot-1.0.xml
:: downloading artifacts ::
	[NOT REQUIRED] sbt#simple-build-tool;0.5.6!sbt_2.7.7.jar
	[NOT REQUIRED] org.apache.ivy#ivy;2.0.0!ivy.jar
	[NOT REQUIRED] com.jcraft#jsch;0.1.31!jsch.jar
:: resolution report :: resolve 202ms :: artifacts dl 4ms
Nbr of module to sort : 3
Sort dependencies of : sbt#simple-build-tool;0.5.6 / Number of dependencies = 2
Sort dependencies of : org.apache.ivy#ivy;2.0.0 / Number of dependencies = 13
Sort dependencies of : com.jcraft#jsch;0.1.31 / Number of dependencies = 1
Sort done for : com.jcraft#jsch;0.1.31
Sort done for : org.apache.ivy#ivy;2.0.0
Module descriptor is processed : com.jcraft#jsch;0.1.31
Sort done for : sbt#simple-build-tool;0.5.6
Module descriptor is processed : org.apache.ivy#ivy;2.0.0
Module descriptor is processed : com.jcraft#jsch;0.1.31
	report for sbt#boot;1.0 default produced in /Users/Mads/.ivy2/cache/sbt-boot-default.xml
	resolve done (202ms resolve - 4ms download)
:: retrieving :: sbt#boot
	checkUpToDate=true
no explicit confs given for retrieve, using ivy file: /Users/Mads/.ivy2/cache/resolved-sbt-boot-1.0.xml
using ivy parser to parse /Users/Mads/.ivy2/cache/resolved-sbt-boot-1.0.xml
pre 1.3 ivy file: using exactOrRegexp as default matcher
	confs: [default]
	retrieving /Users/Mads/.ivy2/cache/com.jcraft/jsch/jars/jsch-0.1.31.jar
		to /Users/Mads/Projects/logicOfScientificDiscovery/project/boot/scala-2.7.7/sbt-0.5.6/jsch-0.1.31.jar
	retrieving /Users/Mads/.ivy2/cache/sbt/simple-build-tool/jars/sbt_2.7.7-0.5.6.jar
		to /Users/Mads/Projects/logicOfScientificDiscovery/project/boot/scala-2.7.7/sbt-0.5.6/sbt_2.7.7-0.5.6.jar
	retrieving /Users/Mads/.ivy2/cache/org.apache.ivy/ivy/jars/ivy-2.0.0.jar
		to /Users/Mads/Projects/logicOfScientificDiscovery/project/boot/scala-2.7.7/sbt-0.5.6/ivy-2.0.0.jar
	3 artifacts copied, 0 already retrieved (3409kB/243ms)
	retrieve done (243ms)
